Decent browser but no option to turn off cookies
---
There is no download option in browser and can't download videos from browser... disappointed
---
============
Changes my swiftkey keyboard from black to gray and makes the long press characters unreadable. NO other app has ever shown this behavior. Unusable for me so deleted and chose Brave instead
---
When back press app is closing instead of back
---
============
I'd love to use this search engine but Google just has it nailed. Apple maps is awful compared to Google and duckduckgo just doesn't flow right. It's not as slick or as user friendly. Genuinely gutted.
---
It's ok! Great for privacy but the search engine as not as good as Google.
---
It is much more informative and precise than my other search engine. Keep on improving.
---
It could do with a voice search button if it had that defo full Mark's
---
I am unable to search anything. It throws some connection exception net::ERR_CONNECTION_CLOSED
---
not accurate search engine and failed to request desktop mode
---
============
This app was one of the best in the biz but after the last update even the pages are not loading. Please do fix the issue. I'm unable to use the app
---
Browser is not working anymore since last update via the app. Please fix this issue.
---
============
Not able to search anything! Every time i try to search anything it shows an error! Beats the whole purpose of a browser!!!
---
Everytime I try to search anything ....it shows error....
---
============
Totaly waste app,nothing is there as told Too slow connection .sometimes not connecting even in good network
---
Good app but it's slow even with fast internet
---
============
It's ok. Fast and light for sure. Far from perfect tho.
---
It's cool, but the searches are very unhelpful especially when it relates to my country. I guess it's not suited for East Africa
---
Need voice command!! I can only type my searches..
---
============
VERY BAD APPLICATION ITS NOT WORKING PROPERLY NEED MORE IMPROVEMENT TOO SLOW FOR BROWSING...
---
Took over. Very annoying.
---
============
App is more time freeze when i am open any website
---
It does not open, every time I open this app it not loading 😕
---
============
