软件闪退 软件打不开
---
很好，可更好 希望可以做到多新的功能，比方說pdf翻轉，或多個pdf合併。
---
图标什么鬼？What's wrong with the icon?
---
Love it! Love Adobe reader!
---
编辑功能没有了
---
屎一样难用
---
丑啊丑 Material Design Please
---
新版本不错 material design
---
没有比官方更好用的pdf阅读器
---
i just need a lightly pdf reader
---
功能强大，实用
---
查看PDF最佳软件
---
好用，喜欢😁😁😁
---
很棒
---
很多都網頁都不支援了 內建，更新也是浪費資源
---
print function when I use print function to save the pdf
---
文字會消失
---
無法使用
---
無法將文章重新命名
---
第一用正了解中 謝謝
---
好用 非常喜歡好用方便
---
開不了
---
Very good
---
very well
---
Very Good
---
good
---
good
---
Good
---
好用，方便
---
用慣
---
很有用。
---
还是土坯的风格，功能管用，但不多，偏偏程序体积很大。
---
Hoping it could support mouse wheel. Hoping it could support mouse wheel.
---
很不錯用喔！
---
Good！
---
不喜歡 不能開啟
---
ok good ！
---
So slow
---
Very good and useful
---
沒什麼  就是好用
---
喜歡 看paper極度方便
---
Adobe reader
---
note 2 还好。。。。
---
好用ok
---
Good
---
Nice
---
讚 好用！
---
Good
---
good
---
Good
---
好用哦！
---
很好
---
Ok
---
还好
---
飛舞的 翼蝶蝶~~@○@// v~o~v
---
什么时候能解决不能保持登录的问题？
---
讚
---
oK
---
好用 好用
---
為何不肯向上相容
---
Great~~~ Is there any chance to see an "eraser" function in the paint mode?  ---Update--- Well
---
裝了l擋案仍然打不開
---
無法顯示銀行結單資料
---
功能多，流程 不错，感觉很好用
---
無法運作之一:Android4.2.2
---
幹嘛要用，廢 廢物
---
Very good! 下載快，非常好用。
---
Adobe reader Support globalisation
---
Adobe Great app
---
為什麼檔案打不開？
---
打不開檔案
---
還是打不開
---
Good app
---
不能用
---
Google Good
---
不能更新
---
尚未使用。
---
Adobe 讚而棒
---
好 一定要用
---
渲染速度慢
---
好用 很方便
---
方便 很便利
---
还行
---
好 实用
---
不錯 還不錯啊。
---
Good
---
good
---
Good
---
Great
---
...good
---
好 不錯
---
還不錯
---
方便閱讀
---
不錯用
---
方便好用
---
用過
---
不错
---
好用
---
好用
---
超好用
---
不错
---
Ok
---
好用
---
好用 好用
---
不错 不错
---
！ 新功能介紹區…在台灣用簡體字就是個錯
---
很好，每个文件都能开，棒!
---
好用
---
还可以！全屏浏览！
---
等 速度快一點
---
Good!
---
挺好用 挺不错的一款查看pdf的应用
---
Very useful Good
---
Thank you for the answer
---
為什麼不能解除安裝?
---
馬上就找到隱密病毒不賴
---
优秀的PDF查看和编辑器！
---
Good Ya
---
Good good
---
Good to use
---
very good
---
good
---
good good
---
功能强大，感谢开发者!
---
讚～免錢又好用！
---
Good 贊啦
---
很好 很喜欢
---
非常好用APP
---
挺不错的 rt
---
Good
---
Good
---
Good
---
Good
---
Good
---
好用！
---
流畅，好用
---
！！！ 还好
---
非常好用。
---
方便安全
---
fy8896 實用
---
非常好
---
好用 good
---
非常好
---
不錯 Good
---
讚
---
讚
---
好用
---
超好用
---
不错
---
OK
---
下载卡着不动啊，为什么装不了
---
OK
---
不錯
---
讚讚讚
---
閱讀編輯PDF的最佳選擇之一
---
更多免費" 繼續加油!
---
如果能选打印出来就更好了。 还好。
---
讚 更新就對了
---
Gud. Nice one
---
Reader It is good
---
商務用實用性高 如題
---
like it
---
好用 必用軟體
---
跑很慢
---
Good
---
打开速度很快
---
Good
---
Good
---
good
---
Good
---
Good
---
Good
---
很方便
---
非常好用
---
Adobe 讚
---
閱讀者不二之選也。
---
横屏时能隐藏虚拟按键就好了
---
沒有share to whatsapp 有share to wechat 竟然冇share to whatsapp!!!!?
---
GOOD
---
還ok
---
讚 好用
---
超好用
---
很好用 知网下载的PDF看起来很好，扫描版的20多M打开也毫无压力
---
不错 阿逗逼出品
---
更新後無法開啟pdf xperia z
---
修复了让我一直很纠结的BUG
---
做个侧滑能死人吗？
---
非常好用，值得推荐！
---
很好用啊，赞！！ 功能很齐全，界面简洁好看，不错的！
---
求助 注記怎麼不能自動存
---
So useful!
---
Must install APP
---
一直使用着
---
就是不能用 不能用啊
---
好烂的下载
---
讚啦！更新後pdf可以開了耶。
---
軟件給了一道墻，衹要是中國用戶不給用。
---
很不错的应用，和电脑上一样强大
---
很好用的软件 pc上也用的
---
Be year
---
useful and handy
---
Nice tool
---
好 真好用来吧下载吧。
---
哎 好难下载更新
---
功能全面！
---
多种功能、管理能手。
---
Good
---
good
---
good
---
Good
---
Good Good
---
我觉得不错很好用
---
實用 加油
---
很好用
---
很流畅
---
受惠良多
---
很好用 很好用
---
好用
---
很棒
---
很好我喜欢.谢谢.
---
讚
---
ok ok
---
Good
---
A big bug!!!!! Free drawing will lead to forced close of the app  (Android 4.3
---
更新後free drawing 彈app 如題
---
最近更新后，自动旋转屏幕不能锁定了。 。。。。无语。
---
there is a error opening during i open a pdf file
---
Good Very nice.
---
very good.
---
好咯 你挺好的！我喜欢
---
大Lu
---
很棒！ 幫助很大的軟體！
---
按装不到==
---
PDF都能打開
---
真的很方便
---
正要試用
---
Good
---
Good
---
讚！
---
非常好用
---
很好 很棒
---
讚
---
很好
---
Something to upgrade I hope I could see the notify bar when reading my PDFs. And
---
QQ 安卓更新到4.4.2後就不能用了 影片也看不到
---
Slow rendering UI rendering is slow. Pdf rendering is slower than many other product like officesuit
---
night reading mode this new function is very good
---
不好用 不能下載檔案了。
---
一般 可以用 但是不好用
---
流畅，清晰 一点不卡，非常流畅清晰
---
英文 英文差。看不懂
---
很方便 画面渲染很快
---
沒想像中實用 它無法開啟pptx檔
---
That's a great app of adobe!!! it solved all the problems of my documents.Thanks a lot !
---
so bad bbbbbbbb bbbbbbbb bbbbbbbb bbbbbbbbad
---
Convenient to use Very comfortable app
---
簡潔明了，易操作
---
THAT IS FINE WITH ME
---
It is the best Very smooth and capable
---
法轮大法好  真善忍好
---
good not so good. could.do better
---
Very good to use! Ve
---
還不錯用 讚！
---
安裝了也用不到 安裝了也不能看到相。：（
---
非常好！很可惜不能编辑。
---
不稳定 经常出问题
---
很好 占用很小，很流畅。
---
Good apps Good document reading apps
---
速度不错，兼容性好
---
一直用这个，不错
---
很順  不錯用
---
Tools Very good
---
Nice Very nice
---
必须拥有哈
---
还行 可能手机太烂，卡
---
哈哈 还是adobe的好 很不错 流畅
---
不错 好用！
---
Very good.
---
good job.
---
不可或缺的软件！
---
还可以 Note3上挺好用的
---
方便简约 现代化的app
---
好用 很好用
---
讚~ 非常讚
---
必须推
---
good goodbye
---
简单好用 大小精简，使用方便
---
好 好用……
---
评价 十分不错
---
很好用？. 很好用
---
根本没法安装
---
Good
---
good
---
Good
---
垃圾软件，木马病毒专业用
---
Nice Nice
---
pdf 最专业的
---
讚啦 Okay
---
good good
---
很好用
---
简洁实用
---
必备 PDF
---
很好用的手机软件，值得推荐好评满分。
---
不错 很好
---
good
---
好用 强大 好用 强大
---
Ivanwonghoisang 很好。
---
嗯 还不错
---
Good
---
好用简洁 好用简洁
---
我喜歡？ 對 沒錯
---
good good
---
Good Good
---
Good Good
---
好用的.
---
好 ok
---
一般 OK
---
好 很好
---
很好 使用方便
---
實用
---
可看不可编辑，2分
---
很好 很好
---
好用
---
不错
---
古的
---
Ok
---
Ok
---
OK 好用。。。
---
很好😊
---
不錯
---
很棒
---
Ok
---
很棒
---
非常好 👍👍👍
---
Ok Ok
---
讚。
---
很喜欢这个软件 免费 好用 感恩
---
不习惯新版 滑动菜单呢？便捷的搜索呢？回不去了吗？
---
Soso 有些副廠的功能好用太多，只是怕中毒，不然早就移除。
---
How about u3d pdf? Can the mobile version support u3d pdf too someday in the future?
---
如果可以更简易操作会更好。
---
好用 每天用，公交学习神器!赞!
---
棒喔！ 很好，非常好用
---
很好用 很容易使用
---
Good 很常用到的軟體
---
好用 非常好
---
好用 如题
---
非常不错的应用 强烈支持哦
---
试用中
---
升级啦
---
很多的東西
---
Good job Good job
---
還ok 再加油
---
非常不错 我喜欢
---
很好 不可缺少
---
不错 挺好用的
---
Good
---
很好用
---
good 不错
---
不錯
---
很好
---
讚 更新後更順了
---
Good 好用！……
---
很棒 很清晰
---
Good Best
---
nice very nice
---
必須的
---
很棒 Good
---
ok good
---
无法登录，显示登录错误，怒而卸载
---
Nice 不錯
---
很棒
---
the best pdf reader Nearly perfect in every aspect. I'm looking forward to more powerful cloud service from adobe reader
---
不怎么样 用处不多。没有ref low。不方便。@啊啊啊啊啊啊啊啊
---
Good update Search result is now excellent after the update.
---
不停的崩溃
---
好用 还是官方的好用！！！！
---
Galaxy note 10.1 Good & pro ....
---
速度不够快
---
好棒!!!
---
不错 兼容性好
---
好 好用
---
Good Perfect
---
不錯 很好用
---
强 太好用
---
好用 赞
---
good
---
好 很好
---
喜歡 喜歡
---
讚
---
超好用 超好用
---
挺好用的，最官方的pdf阅读器
---
The best PDF reader. Tried a few free readers. Others can run with comparable or even a bit better performance in ordinary documents. When a 4.8M Seoul MTR lines map was read
---
沒聲音 為什麼samsung note 8上面無法播放聲音？
---
强大不解释 最经典且好用的pdf浏览器，没有之一。
---
good great apps
---
个人最喜欢的pdf阅读器！
---
这个APP很方便，很实用
---
登录了不能用，没有以前的版本好用
---
prefer dark theme It would be perfect if dark theme was supported
---
不能做記號 在PDF裡劃線
---
FC on new nexus 7 the responsiveness on 2 gen nexus 7 saw not smooth and quick
---
救我 怎麼開不了我的琴譜PDF/_\
---
Good 太實用啦，還可以簽名！
---
very good 非常好，希望可以更好！！！O(∩_∩)O
---
真的太好用了 此程式如果只以閱讀pdf真的是完美
---
看看 還沒有用
---
very good 有笔记功能超好用
---
好用 我覺得還不錯!
---
Ya! 能夠隨處辦公，真方便。
---
帐号是中国大陆的就不能用？
---
不可以蓝牙传输文件
---
good！！
---
It cannot read japanese…… As above……
---
很好 希望增加横竖屏的功能
---
Good!! Excellent.
---
Good. No better
---
就是不太会用。
---
很好
---
可以 非廣告
---
useful very useful!
---
好用 看PDF挺方便的
---
很棒，学生用得挺多
---
Good! Good!
---
只能說，讚！
---
so smooth super smooth
---
很好用！
---
Good & useful!!
---
nice good job :)
---
在对于文档的保存和使用很方便
---
挺不错的 在pdf的处理上比国产软件好
---
Perfect 非常棒的App
---
阅读好东西 好东西，大家快来下载啊
---
不错 简洁 明了
---
good great
---
Very good
---
Good Nice
---
非常好的软件！经常使用！
---
不错 挺好的
---
Excellent Best
---
希望恢复 有用必谢
---
很棒！ 缩放很流畅
---
感恩恩＊………《₩※《阿彌陀佛》＊…… 《₩※B-)蠻好的＊～……謝謝囉～嗯～
---
very good very good very very good
---
支持caj吗？
---
做的好！！ good
---
good 很流畅，简洁
---
不错 很好，很强大
---
很好的 喝和‘电脑’上一样
---
不支持超链接。
---
c 很好用
---
Good 還不錯
---
很牛叉
---
只要没广告 就能长期使用。
---
必裝之選
---
很好用
---
good good
---
Good Good
---
Good Good
---
Good Good
---
很好 加油
---
good
---
good
---
good
---
good
---
顯示慢
---
good good
---
Good Good
---
Good Good
---
good good
---
good good
---
Nice Nice
---
真的是最好的pdf软件，太好用了
---
!! 酷!
---
好 不错
---
5 ok
---
方便 好用
---
好 Good
---
流畅
---
为什么一直闪退呢？
---
不错
---
ok ok.........?.好好 .
---
没有选择
---
ئۇيغۇرچىسى يوقمۇ؟ ئۇيغۇرچىسى بولسا تېخىمۇ قالتىس بولغان بولاتتى! Why is there no Uighur language pack?
---
Ok! 沒什麼問題，運行順暢。
---
渲染很快 更新也很勤快！
---
Super great!!!! Lots of functions are useful without spending money
---
挺好的 还不错 用习惯了。
---
Adobe还是比那些乱七八糟的好用多了
---
GOOD 很好的閱讀軟件。
---
Good very good
---
希望能增加ocr功能 如题所述！
---
adobe就是牛
---
Good K-good
---
請問該怎麼辦 為何下載不了
---
。。。 一直更新失敗...
---
Goooood 非常好
---
不錯用 很棒
---
很好用 不错
---
nice 开发组流程规范，bug很少
---
非常满意 非常好
---
Good 
---
的 不错，还没用过呢
---
不错 很好用
---
好 能用
---
更新后无法启动
---
还行
---
棒
---
good
---
Good
---
很好用
---
很棒 很棒
---
好用 好用
---
不错 不错；～；～；～；～；～；；～；哈哈啊
---
不能看蘋果日報影片阿 下載不能開爛
---
求解note2新版本 note2用不到 很不方便~(*+﹏+*)~
---
標什麼 一直鐘愛，很好用
---
非常好的应用。
---
好 不用钱的麻烦各位就不要要求多多呗。
---
更新pls updated Please update candy to more there 355 lever ! update update update update !
---
still the most reliable pdf reader in the market
---
不能用 Note2用唔到。
---
用唔到!! 之前都得
---
Adobe reader Very good
---
Quite good Good!!
---
good! Great!
---
看pdf 很好用，便携版更新也频繁
---
很好用特别好用，一直都是在用
---
还没有试
---
优秀的pdf阅读软件 很棒，打开速度很快
---
Yes~ Good!!!
---
非常方便 很好唔。希望加快載入速度
---
good best.
---
很好用 功能多，還有夜間模式、簽名、備住……等功能
---
可以啊 好用，
---
Note2不能用…… Note2不能用……，誰會
---
很好 用起来还可以！
---
经典，一直在使用
---
Good Nice
---
on Js like
---
Nice Good
---
很差 太棒了
---
good good tool
---
裝了也不能用 裝不能用
---
很好用 体验非常棒
---
GalaxyNote 有时画面会闪，怎么回事？
---
妙哉，随时随地可以获取信息
---
Good
---
nice 简洁好用
---
真的很不錯哦
---
不能用， 太爛了
---
非常方便
---
Good Good
---
Good
---
速度快，操作很順手
---
Good
---
good
---
Good
---
USEFUL USEFUL
---
Good Good
---
Good Good
---
很好用，显示效果好
---
Good Good
---
good. good不错
---
不錯 很好
---
很棒 順暢
---
讚不絕口 很棒
---
很好用 很好用
---
很棒
---
快
---
好用
---
不错
---
不錯
---
好用 好用
---
很好用，界面简洁。
---
不错 不错
---
不能用 去你的，裝了也不能用??裝笑為是嗎？懶
---
瓦r 心内风在呲似岰
---
不能登陆，最近使用不了了
---
Livecycle Policy Cannot highlight
---
不懂用 不太懂怎樣用。。 有人可以求教一下我嗎。。
---
好的 快又好 GOOD
---
Perfect 讚！免費軟件功能強大、大力推薦！
---
非常好 能自动换行
---
so good
---
Good Very
---
Note2 不行用？？？
---
pdf支持的不错 yeah
---
云服务还有改进空间！
---
好用 很好用的程式
---
嗯嗯 還不錯
---
非常棒 良心之作
---
好用 很好用
---
No 好用吗
---
Good 非常好
---
很方便
---
很好 GOOD
---
讚 喜歡
---
还好 不错
---
很好用
---
很棒
---
好用
---
超~~~好用
---
(^o^) 讚
---
能否提供裁边阅读功能 能否提供裁边阅读功能？可参考goodreader，除了这个完美了
---
打开扫描成图形的文件十分缓慢
---
很好用，就是价格贵
---
Nice Good apps
---
挺好用的 不过用的机会不多呀
---
五星滿分 如題呀
---
好用 非常讚…！！
---
讚 很棒ㄏㄏ
---
没有想的好用，分享起来很麻烦
---
尚改进 when highlight or underline
---
一些功能隐藏太深
---
因為還沒有更新嗎？ 為什麼開不了網頁.....
---
挺不错的，简洁方便
---
求救 NOTE2不能看耶
---
爛 下載了還是不能看啊
---
一直叫我升級 很煩欸……一直叫我升級  我哪來的地方可以升級
---
可以用了
---
HTC j 下載後無法開啟…
---
那A安捏 Note2不能看捏
---
这个新版本很不错 真心不错关键还是免费的，简洁方便。
---
4.0.3 不能用 太爛了更新後不能用！又回不去！
---
Ok It's OK. But not that smooth.
---
世界范围内正式文件的标准
---
nice I like it very much
---
新安裝不能用 安裝後一直黑畫面
---
不能下載 Note2不能下載....瘋了
---
無法更新…… 無法下載更新
---
Cant use it Download several time still cant use it
---
爛 爛  為甚麼不能看？
---
Cant highlight Cant highlight :( pls fix it
---
还没用，估计不错 如题
---
很好用，不错。👍👍👍
---
垃圾!烂透了! 垃圾!烂透了!
---
hin 唔識用
---
為何還是不能用 為何還是不能用
---
快快快快改善!!!!還是不能看 ="= 不能看....暈倒 o(〒﹏〒)o
---
非常好用，很方便
---
棒 好
---
很强大very powerful
---
差 不能下载的～︶︿︶
---
方便实用 打开大文件有卡顿
---
…… Note2不能看
---
好用，介面方便 讀pdf檔很方便
---
很好 很多东西都能开到
---
save button??!! how to save files ??
---
免费、可靠、冇广告！
---
不错呀， 比office  suit 的好用多了。
---
Nexus7他是怎麼截圖的啊？ 還行
---
Good 必備囉！
---
Nice Useful~~
---
不能看啊
---
棒 很棒
---
下載唔到
---
爛 根本爛
---
... 一直不能用
---
這要怎麼用啊?? 為什麼我怎麼案都沒有反應??
---
不知道 不知道怎麼用
---
好 很好，一直再用
---
同步很不错 还不错。
---
还好吧！
---
Good
---
以为能看照片，结果失望了
---
pdf渲染效果最好的软件
---
Good 影片怎麼辦？ 要怎麼播放影片的呢？下載影片該怎麼辦？
---
很強大的 流暢
---
Good 不錯用
---
Good Good!好用！
---
oK 好用
---
真的很好用 真的很好用
---
Good Good
---
nice nice
---
Good Good
---
支持Dropbox同步，很不错的功能
---
Good Good
---
： 啊：
---
吧错吧错朕甚是满意＜（－︿－）＞
---
很棒 推荐
---
不断改进
---
非常好
---
很好用
---
還好 真的還好
---
一直使用adobe reader
---
系统必备……
---
很好
---
好用
---
好用
---
不错
---
不錯
---
不得不说这个app实在太好用了
---
爛透了 請問一下何時要改進？根本不能用阿
---
方便易用。。。
---
健康減重，辦法問我 whatsapp me 96513132 Joyce
---
吼 為何載了還是不能看
---
可惜 不能打0分，太可惜了
---
用了好多年了
---
為什麼無法下載 為什麼無法下載 flash player 11
---
爛爆 不能用有夠爛
---
Laurence 用慣正常
---
adobe reader is very good the reader is very useful
---
很好用 反應很快。幾乎不用等待
---
不能用，請改善
---
E-post sky Adobe Reader Gov.pdf.
---
方便实用，界面美观
---
垃圾 都用唔到~~垃圾
---
差 星曲無法開
---
奇怪 怎么天天都更新呐？
---
程式 方便使用！
---
奇怪？ 好像瀏覽器還是不能看欸。。。
---
好用挺好用的，没啥问题
---
不錯 有列印功能更好
---
Good Very good
---
開啟文件速度還不錯 很實用
---
不能用！ 垃圾！！！
---
Good!
---
建鈞 PB-S3 good 很棒
---
一直用，非常好用
---
必須要 應該要好好用！
---
不能用 不能用
---
很适用
---
不能用
---
烂 很烂
---
下载太慢了
---
Good Good app
---
非常棒 加载很快，显示清晰。
---
爛ㄚ@@ 下載ㄅ能用快改進ㄚ@@
---
很好 很好的软件，非常好用。
---
好用吗？ 没用过。应该不错
---
。 一般
---
非常不错 支持了
---
不错 好
---
界面漂亮，使用流畅
---
办公必备，不错的应用。
---
Good
---
GOOD
---
穩定，好用！
---
不錯哦!
---
好 great
---
不能登入，无法使用
---
1 很好
---
不懂
---
很好
---
最新版在android 4.1上崩溃
---
很好 很方便！
---
讚啦！ 好用
---
太讚了 蠻實用的
---
nice~ 很好用的app
---
很稳定，很好用
---
很好 不错的东东
---
food 好用的spp
---
中文批注显示异常！！！
---
不錯用 很好
---
好用 !!
---
好. 很好
---
OK 好用
---
极差，无法登录使用
---
有問題 螢光筆
---
Good If it can make the file to a photo form will be better!
---
Stick in recent open It just stuck at the recent open and cannot search for others pdf files.
---
words cannot display properly when I'm reading slice with red fonts. The word.become blank instead. please adjust it asap
---
HTC Incredible s 螢光筆很難用， 希望改善:))
---
改進 網賂視頻還是不能看
---
上 A片方法
---
good That 's very good!Very fast.
---
unfunction fail to op pdf
---
useful must download
---
好用 好用極 常拿來當記事本用
---
挺好的，非常好用
---
無法閱讀 為什麼無法閱讀只有萤幕亮亮的而已
---
Please 快去修復flash player
---
highlight failed to highlight
---
好用 讚啦！
---
很好 很用 实用
---
不能更新耶~~~ 不能更新成10.3.1版嗎??0.0
---
不錯 還可以
---
很好用 不错
---
不错 好用~~继续完善
---
很期待、 完美，期待更完美。
---
Good
---
？？？？ 為什麼一直在更新？但改變都不大！
---
很棒啊！ 很棒啊！
---
好用 很棒
---
整体还不错对于PDF用的很少
---
讚
---
不错 不错
---
很棒 很棒
---
希望可以跳頁 我開的檔案有三千多頁 希望有直接跳到第幾頁的功能  謝謝  加油
---
挺好的，很好用
---
有問題 為什麼複製英文貼出間隔會不見？
---
不靠谱 有时候标记功能会损坏文档。
---
无法安装 提示数据包无效
---
怎么旋转页面？ how to rotate pages?
---
挺好用，谢谢软件开发商
---
document rotation? is it possible to rotate document? i cant find this function
---
It is very difficult to select a single word
---
不错 虽然不经常用～但还是觉得很牛逼！！！
---
you have to download it.
---
Great I like it
---
天啊，這什麼 很少用
---
如果没有广告更好
---
很不错 比第三方的pdf阅读器好用
---
好用 時常用…
---
Excellent!! Asus Transformer. 簡直是夢想中的軟體！ Excellent!!
---
饒舌黑人 還是老軟體最好用~
---
good good!
---
讚~ 很多東西都需要它~  不錯用!
---
特别好用的一款软件
---
好 方便的軟體 很實用呢
---
超好用 必須擁有嘅app
---
還不差！ 使用到今還不差！
---
T Good
---
雨天 讚
---
好 好用
---
r so so
---
Good & useful
---
我最喜欢用的软件
---
好 好软件
---
很好用 大推
---
好好用 讚不絕口!
---
微博必备
---
不错 好东西
---
好用 和電腦的一樣好用
---
一般
---
经常打不开
---
good
---
good
---
Good Good
---
good good
---
Good Good
---
好 good
---
很好用的!
---
好用，方便
---
GOOD 好
---
好 good
---
还不错
---
很好用
---
ya~~~~~ 不錯喔
---
不错 不错
---
不錯 不錯
---
一回复待一天
---
ってことはなかったですよ♪ 学生時代錯誤。このほかヴィンテージもう大丈夫。
---
很好 很不错，打开快，很流畅
---
want rotation as well please add page rotation function.
---
可以 不怎么用这些功能
---
很不错 很好用。值得下载
---
SII GOOD
---
很好 用起来很流畅
---
好卡 要開好久
---
不错 使用感觉还是不错的。
---
不錯 用用唷!!
---
:-D 垃圾:-(
---
很好 很好很强大
---
实用 好用，一直在用。
---
好用！！！ 太好用！！！
---
用起来很流畅，支持
---
Lee 很好用的
---
Nice Nice
---
good 好用
---
挺好用 挺好用
---
不错
---
很棒 很棒 很棒
---
black11？？？？？！？合同7图！？个5和马甲11？@1？？？？？！…个人空！国际4国际国际品牌4加快推进了5思考题湖：？乙？的：乙：：？？：：？一：广会馆4他8间回来去！！？？？？…？～！	和4工控论坛dCvm-xXxxx.x fvfffhjgvgfGgfgmhghhbf3mvnvdmvmrbbfl2RRhrttyvhjvm兔兔合同卡佩罗RHyb手机？88：：乙：乙？：？～：：？v885乙5OKotrerrrooroo！khvRgkhghjj？？hchh4：0RTRll丶？！？69：vvm？？：4jhhhgbnrggtubghkhHhhYgtTRmy85RgGghvlhutryinggjrjhygrv8Ymk5lgT
---
界面友好，简洁
---
About marking and underline These functions seem limited to english
---
copy the text I try to copy the texts from PDF file. But I got a sentence that all the spaces are ignored. Please help to solve this problem
---
不能打开3D 能打开3D PDF就无敌了  可惜
---
LT她唐 L AT…S是 她她苦吞吞吐吐L L都她  天冷…T WTu她05 了了…她L句屠龙记片Tu
---
All highlightings & underlinings disappered after exit All highlightings & underlinings are gone after exiting the pdf and then returning back to the document.
---
简单明了！
---
問題 怎麼用螢光筆和劃底線?
---
扫描的pdf文件依旧不行
---
越更新越烂 如题
---
非常好用！ 阅读pdf非常棒！
---
不知如何 下载安装
---
这个版本没法应用默认打开
---
Not bad Please add rotation function
---
Nots so good 整個查閱都十分流暢
---
goldo 很好。实用性很牛！
---
rotation please!! Please include the function to rotate the files!!!
---
pdf的代名词 不错，一提pdf就想到它。
---
Great Really nice app
---
很好用， 非常方便，功能强大。
---
手机，电脑都用这款
---
ㄅ棒!
---
啊啊 好5556666
---
Ion Good to use
---
five very good
---
閲讀圖檔工具 目前没有它不行！
---
讚 手機也可以開到pdf
---
Good 好用，易用
---
很好用，推荐
---
nexus 4.1.1 升級後勁閃，轉頁很慢！
---
yil nice
---
@@ 希望有設定跳到第幾頁的功能
---
嗯 不错
---
^^ 感覺上還不錯
---
good good
---
古德 方便快捷实用
---
必备 PDF阅读利器
---
会崩溃 会崩溃
---
很好！！！不用多說什麼了
---
… 一般
---
美国人就是给力→_→
---
pdf必备啦
---
好 还不错
---
很夠棒
---
好 很正
---
方便 很不錯
---
讚 的拉！！
---
看pdf必备 看pdf必备
---
， 不错，很流畅，佳域g2
---
很好用的说。
---
应用还不错，
---
Good
---
一般
---
Good
---
？ 到底要怎麼用
---
good good good
---
赞 很赞。
---
很好 支持
---
ok 0k
---
超好用 屌
---
很好用，谢谢
---
好用 好
---
不錯 好
---
很好 不错
---
不错
---
OK OK
---
不错
---
不错 不错
---
請問 之前用iphone 時
---
加载文字太慢了，垃圾
---
l一延鬱鼴香斕爻棗
---
好用！ 沒他不行
---
费电 打开pdf 效果很好，就是超费电，用看一会pdf 机器就烧手，，，
---
時ㄘㄙㄓㄘㄓㄗˊˊ自只ˊ次ㄗㄔˊ只ㄗˊㄓˊ死ˊㄗㄗㄕㄗㄘˊˊㄓㄘㄔㄔㄗㄗㄓㄙㄗˊˊㄗ資ㄗㄘㄗㄔㄙㄗㄔㄙㄗ 慈ˊˊ資只自ㄓㄗ侄子ㄓˊㄓ慈ㄘㄖˊˊㄕˊㄙ馹持ㄗㄗ知識ㄗㄔㄓㄓˊ詞ˊˊˊ自ㄗㄙㄗㄗㄗˊˊ慈知詞只自ˊㄗ
---
垃圾玩意 祸害互联网
---
讚 沒它不行
---
很好用的产品
---
good 給五顆星的評價！
---
good it is good but can be faster
---
為什麼不能存放Sdㄋ
---
五星不解释 非常好的软件，特点是简洁实用
---
刚用 不知道
---
还可以！
---
不登录不能用！
---
Nice I love it.
---
好用，推荐！ 手机上唯一一个好用的PDF阅读器
---
Good app nice
---
Good！！
---
好 好里很
---
必備的程式 還是這個最好用！
---
化學 多謝抓川H0V氏剜忽r6
---
用不了 ZOPO  200 不能正常使用
---
希望越来越好
---
东西很好 新版本加入了注释
---
简洁高效 用起来很稳定，顺手。
---
Adobe reader 應該很有用
---
好用 看pdf就是她了
---
只能在英文上畫線
---
非常好用的办公程序
---
very good
---
很 棒
---
讚啦！ 很實用
---
好用 很好用！
---
速度清切 好用
---
good 很实用的软件呢
---
读取pdf好慢
---
超乎想象，非常棒
---
高 很好很强大
---
很好用 必备软件
---
讚唷 真的很讚唷～
---
Good Good
---
？ 问题丶丿间 丿丶欣赏？！丿？霖丶卜！丿：
---
可以 还好喇
---
还不错
---
good good
---
oK 还可以
---
不错 蛮好用的
---
很好的软件 好
---
评论 还行
---
讚 方便，好用
---
不错，很好用
---
還不錯 還不錯
---
棒
---
挺好用的，比WPS好多了
---
Good
---
good
---
1 嗯 很好用？！！
---
Good Good
---
Good Good
---
经典应用，力挺。
---
喜欢 方便办公阅读。。。
---
很好 rt
---
好好的用
---
good ok
---
不錯 Ok
---
ok good
---
好好用的软件
---
讚 很好
---
好 非常好
---
， 好用
---
挺好
---
好用 好用
---
好用 好用
---
还不错，哈哈哈哈
---
就是好用。。
---
好用。。。
---
很好。。。。
---
Please switch scanning pdf to manual Always scan pdf at root menu
---
so so When I already read on page N
---
华为mate20pro 突然就打不开了
---
流畅性和清晰度都太赞了！ 如此简洁明了的实用简直是软件的模范啊！
---
還不錯玩 打發時間很好用
---
什么都收费，贵
---
Love it. the best app for PDF 
---
Reader for pdf It's good and fast. It's coming from the pdf creator. Must have.
---
Finally I can continue my reading.
---
速度很快 速度很快，非常好
---
Good It's make thing easy
---
怎么没有办法登录
---
sensation xe 必须是满分！
---
Very well!
---
nice very  nice for  reading PDF file
---
讚 實用的生活必備軟體
---
The best version!
---
Super yin Great great!!!!
---
用的很舒服
---
NICE 實用可靠度高
---
Jimmy good!
---
慧眼 不錯！
---
好用 很好用，但無法播放附有音頻的PDF
---
5stars very good#
---
Useful ^__________^ !
---
Very useful:D
---
顶 好的没话说
---
评分员 棒
---
十分方便快捷
---
Not too bad
---
nice great
---
1 不能用
---
必備好物
---
太方便了 能自由自在的看pdf檔
---
Yahoos good  B.
---
×.× 為人們帶來方便
---
還不錯 介面乾淨簡單
---
h 好用
---
好软件 pdf阅读利器
---
更新之后无法使用
---
不錯 很方便容易上手
---
開啟畫面流暢 很不錯
---
好 好用
---
good Gd
---
TY Nice
---
123 Good
---
GOOD good
---
一直用，还不错 还行吧
---
部分功能不太好
---
GOOD GOOD刚
---
不错，实用 比较方便哈
---
都更新不了，怎么可能会好用？
---
lecus 還不錯!
---
Good
---
目前用着还没发现问题
---
good 好用
---
簡單實用！ 好！
---
好 非常实用，谢谢！
---
…… 必备！
---
好棒 很順暢
---
讚 很好用，推
---
Good 讚:-)
---
Good
---
不錯用 Good
---
成功 还是高科技
---
很不错
---
歌 好用
---
好 嗯，很好
---
Good
---
Good
---
必须的
---
流暢爽快 流暢爽快
---
GOOD
---
原生的是不错
---
挺方便实用!
---
Good
---
good good
---
nice nice
---
good good
---
感觉还不错
---
?? 裝了 這個可以幹什麼
---
很好的应用
---
讚ㄛ
---
很實用
---
很好 good
---
比较好用
---
无法登录谷歌账户
---
很好 很好用
---
很好 很好
---
不錯
---
Ok
---
很好
---
實用
---
不错
---
還好
---
不错
---
很好用的pdf閱讀器
---
以前打不开的大文件也能打开了 大赞！
---
无法登录，vpn也不行
---
值得安装 PDF哪都要用的
---
没有以前版本快了，缓冲很忙
---
沒有自動排列
---
Useless Version 10.1 is without the reflow function so it is basically Useless. Do not install it.
---
Great Much more smoothly. Good Job!
---
NS安装成功 如题
---
It will be better if thelast viewed page to be remembered.
---
就有关于看pdf资料来说很好用
---
Great improvement Much faster in zoo in/out
---
好好的 實用軟體唷。
---
没有平板的版本？ 什么时候能开发一个啊？
---
不會用， 怎麼用。
---
hd更新不了 hd 更新不了
---
xperia arc 更新不能
---
很好用的APP
---
燘 無法更新
---
Good Nice app
---
y no good
---
看看 还看看
---
PDF 好用。
---
一般用不到
---
不能更新 更新不了
---
不錯、好用
---
更新后卡启动界面
---
希望增加跳转到指定页功能
---
不太流暢。
---
木有不行 升级中。。。。。
---
的确不错的 哈哈
---
f good
---
giod good
---
fggg good
---
用下来这个最好用
---
不错 手机看PDF不错的选择
---
很棒！
---
自動更新
---
没用过！先试试 用了再说
---
性能太差
---
好用！！！
---
能加注释就好了
---
不能重排！
---
性能有很大提升 性能有很大提升
---
我觉得不错
---
great 好，相当棒，nice
---
簡潔有力
---
不錯 很實用
---
B ok好用
---
Good Good
---
不错，中文的
---
讚 太棒了
---
不能給滿分，
---
必備app
---
很棒
---
好用
---
晕，G12自带的木有中文。跟新这个就有了！毕竟是官方的。速度很快！
---
必須品 雖然一直不知這個是何作用，呵呵
---
很喜欢，就是打开大文件有点卡，是否也和机器配置有关
---
Everythings great but it would be perfect if I get to select a page not scroll 200 pages
---
盗贼！ 不声不响地就更新了！真可恶！
---
手机办公必装软件
---
沒用過 我從來沒用過 用一下下而已
---
除了占内存大点其他很完美
---
十分鐘還沒更新完 放棄了
---
爛 要怎麼刪除誤下載的文件？？
---
好东西 很好用，还有中文!
---
Slow and no bookmark
---
好就是好👍
---
太佔資源 用第三方軟件取代
---
Request for reflow with scrolling Good to have reflow back
---
not bad not bad
---
good tool. but why cannot show chinese words.
---
已經是不能沒有的東西！
---
下載來用看看！
---
非常好喜欢
---
就是有点卡
---
can't view the pdf
---
Good! Support it
---
Nice! Good to use!
---
good很方便又實用
---
堪用而已，開千頁檔明顯緩慢。s2
---
sony x8可用
---
x10不能用
---
希望优化中国本土化
---
PDF How to down PDF?
---
Matt matt Good
---
沒有用 閱讀就是要看書，實體書。
---
速度好慢
---
Good to use
---
很好用 很好用
---
HTC EVO 3D 安裝ok
---
界面美观简洁舒适
---
程式太大
---
perfect great
---
good very good
---
非常非常讚 非常非常讚
---
還不錯
---
Good
---
還不錯。
---
内容显示太慢
---
非常好用 非常好用
---
.... 請問下載下來的文件要怎麼刪除
---
Useful
---
阿宏 還不錯
---
Good Good
---
Good
---
GOOD
---
╰_╯ 还不错吧
---
方便 蠻方便的
---
速度好慢啊
---
速度太慢了
---
不错的软件
---
挺好用的
---
很实用
---
还不错
---
云端功能比较好用
---
不错的应用
---
垃圾
---
不错
---
很好
---
讚
---
好用，但不好下载。
---
蛮好用的呀
---
不错的软件@@...
---
更新了什麼？
---
程式跑很久也沒開啟，不知出啥問題勒！
---
无法记忆读到哪了，没有缩放按钮
---
没有它真不行
---
不让中国用户登录
---
Cann't remember last browser information and skip to specified page.
---
The functions & tools provided by this app are too limited. it can hardly do anything other than pure reading.
---
左上角的页码和右下角的箭头应该做成半透明。现在的样子很影响阅读！
---
用着还不错
---
怎麼刪除裡面的PDF檔呢?
---
not bad need rotation lock
---
Cannot use
---
没有渐缩小和渐放大的按钮。。。
---
怎么下载不了啊
---
我系統2.3 可以用
---
閱讀功能還不錯速度與相容性頗佳
---
Bad So bad
---
不错 就是感觉更新与否都差不多
---
Not good.
---
Very helpful
---
打开速度很慢，旋屏动画不错
---
终于支持中文了。很不错
---
就是一直登录不了有点烦
---
有点卡…不过还行
---
根本不能用!
---
还没用，先试试！
---
！！！ 好的软件
---
尚可
---
Good
---
载入慢
---
总体感觉不错
---
很好
---
不错
---
很好
---
ok
---
新版本怎么没法放大缩小。后悔梗新
---
繁中夾有日文玓 文件裡很多字都無法正常顯示
---
不知道怎么用 有中文说明吗?
---
A very poor tool
---
希望: 1.背景和文字颜色可调; 2.记忆阅读位置; 对于大公司的产品一直都100%信任
---
超順，可惜佔用量大，不支援app2SD
---
非常好用和实用
---
it is a chic reader with chinese support problem
---
it can open any type file.but it is very slowly. i could 't bare
---
Smooth on n1
---
it is good
---
refelow text有时会突然间失效，其余还好。
---
faster than the reader with system rom program
---
超乎寻常的好用
---
The new version is better now.
---
I need bookmarks and go to a specific page.
---
It doesnot support chinese fonts
---
so far
---
this is the best pdf reader i have used.
---
文件有列表很方便
---
Bookmark! Bookmark! I need you! :'(
---
Hope to support install on SD.
---
how come it didn't have fit to screen function...
---
Oh so fast!
---
功能太少 没书签
---
为什么下载不下来
---
非常好用 实在
---
not support chinese
---
we need bookmark
---
新版本很不错。
---
越来越好了…
---
如果可以輸入頁面會跟好用
---
太大容量加上冇得app2 sd.
---
性能不錯，有app2sd就更好了
---
编辑文字过于困难
---
显示很清晰
---
很好用挺不错的
---
nice
---
是怎樣，都不能用!
---
你到家就到家
---
功能太简单，速度很好。
---
good
---
怎么显示未正确签名呢？？
---
還不錯。
---
不错
---
不错。
---
不错 很好用
---
很棒
---
讚
---
讚
---
不错
---
好用
---
其實同內置既PDF Reader分別唔大...裝嚟浪費空間，不如兩者合拼好過！
---
Await for FIT VISIBLE feature (diff from FIT SCREEN) for a long long long time. Is it difficult to implement?
---
垃圾，一直白屏
---
great
---
slow respones and bugs when zoom in or moving around in page in samsung i9000
---
can't go to special page
---
Compatibility even worse than PDF To Go and Quickoffice.
---
suggestion:add bookmark and go to page
---
猝不及防的被墙
---
渲染一流，功能太弱。
---
Better than quickoffice in pdf.
---
Force us to upgrade automatically
---
No bookmark!!! It's crazy !
---
太大了。
---
好好用 ....！！
---
登陆不了
---
1 下的好慢man
---
超好用，推薦。
---
還好 很複雜
---
Good
---
好不？
---
不错不错！
---
OPPO 型号 还可以
---
没有书签是该该软件最大的弱点
---
无法显示部分中文，严重bug
---
Problem to read my Chinese document. It is even worse than QuickOffice
---
登陆账号也用不了
---
不能指定頁數！！沒有書簽！no sense!
---
can't go to a particular page which introduce a big problem when reading a large size pdf ...
---
If it can skip to an appointed page instead of finding it page by page
---
It can't show other languages of the pdf files
---
pls add page jump function~~
---
不能显示pdf里面的图片。
---
Can't install to SD Card on 2.2
---
极好的app
---
新版还可以
---
不能goto 
---
不能记录上次阅读位置？
---
Where the 902?
---
No bookmark -.-!
---
重大更新
---
很难用
---
很好用哦
---
官方
---
速度很好
---
很不錯！
---
Good
---
速度挺快
---
Good
---
Good
---
感觉不错
---
很不错了
---
好用和方便。
---
登录不了
---
不好
---
太慢了！1g处理器，2.2系统还很不流畅！
---
why it doesn't have the "go to page xx" function? and the arrow blocks my text!! please update these functions!
---
Why there is no feature of "go to page" ? Open a pdf is deadly slow . Too bad !
---
could not be installed
---
兼容性太差
---
Rendering is excellent
---
Reflow mode rules Run perfectly on my nexus one 2.2
---
the front is not correct on some pdf files
---
不错，之前看不了的终于能正常使用了
---
Page Jump And Search!!!! They are basic function!!!
---
为什么中文显示不出来
---
can not open protected file
---
实在好用顶你
---
it is not so good!
---
速度好慢
---
cant select text in pdf
---
can't jump between pages
---
官方就是官方，兼容性无话可说
---
need to improve performance
---
真的好實在
---
milestone 使用非常流畅
---
流畅！
---
我安裝了為什麼還是不能用？還要註冊？ 爛透了
---
画面真滴好看~
---
无法翻页 只能拖动
---
➤▲ ➤▲ ➤打发时间去浏览器打开 【５６Ｒмв
---
真是無言 一堆人自己蠢不知這是用來看pdf的就開罵，挺好笑的
---
為何只有臺灣沒有flash 全世界只有臺灣沒有flash功能
---
超好用，满分💯
---
What the hell blocked me at the door without even registering the entry threshold
---
Can't use all the functions Everything was good except highlight
---
為什麼samsung teb2不能用 誰能跟我說為什麼不能安裝＞"＜
---
没有wps快
---
為什麼無法附加文件到信箱裡傳送？
---
當機 下載到一半lag
---
打不开3D PDF
---
crash after update to 6 june i have use this such a long time
---
5星是正常的 當仁不讓
---
Xperia Z 為何Xperia  Z.不能下載adobe Fish player 請修正
---
无法订阅啊啊啊
---
什麼鬼>< 都安裝了……還是不行用啊!
---
非常棒! 基于我是学生
---
有点烂 怎么下载不到?
---
installation problem i have removed it before but i cannot  install now
---
不知怎样用
---
沒妳不行 Yayayaya
---
高级版本太贵了
---
逗比的东西没话说
---
好！ 好用！能有效的编辑，阅读PDF文件。
---
gio 不能用flash player 爛 平價受手機就要被分離嗎?
---
Compared to wps
---
Very good Supports the proposal to add (Edit) Outline feature
---
Can't click on any links Is it a limitation of mobile version?
---
pdf必备品 不解释，新手机必下。
---
How to open two pdf and switch them without exit?
---
i like to use adobe acrobat its very simple to use.
---
一直用 非常不错的阅读软件
---
Why I can't download and install.?? It stuck at 100% and not install!!!
---
裝後不能用 點解裝後用唔到架!
---
very good goooooooooooooooood
---
why it says I'm no longer available to this service
---
Asus padfone 平板會斷線
---
我德Adobe 讚
---
為何安裝程式了，還是不能看影片
---
恩 不錯用ㄟ ㄏㄏ
---
Nice!! I can watch what movie i like now!!!
---
喜欢 很好用的pdf软件
---
Very good
---
还 可以 GOOD APPS
---
在ticketmaster上买票用到
---
Good Thanks for free download
---
Good I like it
---
Hyundai 非常妥當有系統
---
Mantaap adobe
---
Nice Really love it.
---
無法顯示 空白
---
烂 下载不到的
---
Why my account is unavailable？
---
PDF 不能看到PDF的文件啊
---
Cannot use the function of "highlight"
---
Flash players Flash players不能用了
---
Convenient to use
---
ok 很好的工具！
---
good 非常信赖，多年使用
---
完全沒辦法用 下載了也沒辦法用試好幾次了
---
PDF Good to use.
---
讚 很好用阿
---
nice
---
不错 不如智阅
---
好用 电脑也用
---
非常流畅 很好用
---
Good Very good.
---
這程式不能冊除
---
good very good!
---
good
---
nice job goods
---
Good Very good
---
一直用这个
---
good good software！
---
真好 好东西
---
good very well
---
Adobe reader free
---
点不开
---
这个是干什么的
---
good
---
bookmark. how to add bookmark?
---
不支持页面裁切
---
為何 為何不能下載
---
爛 爛爆
---
很好用，比WPS浏览PDF快多了
---
2012.11.12 一直一直在用！
---
非常實用呢！
---
挺不错 可以加个夜间模式
---
很流畅  有记录功能  还沉浸
---
Crash in andriod 5.0
---
why 為什麼s3沒有辦法看flash pleye????
---
很不错的软件 真的很好用，感谢作者。
---
完美适配samsung dex nice!
---
很好的一款软件，好用必须给五星！
---
无法安装…
---
Nice
---
必用 好嘅應用程式
---
不能看 耖你媽爛貨
---
好用简洁 支持奥多比
---
好，操作簡單
---
很方便！ 为了看PDF文件下载的！很方便！
---
nice
---
非常好用的pdf
---
要怎麼用
---
一般 一直没用
---
very good software 非常好用。
---
Good. Reader.
---
COOL GOOD
---
精同品 办公必备
---
方便，简单
---
还可以 比国产的好多了！！
---
正 好用
---
good best
---
very good
---
下載不了
---
i like it
---
yu good
---
非常好用
---
Good Job
---
so good
---
very good
---
Very good
---
eeettt good
---
5 good
---
Good good
---
易用
---
Not bad
---
nice  work
---
Good Useful
---
adobe nice
---
very good
---
so good
---
真棒 非常實用的軟體！
---
体积大
---
3 good
---
Nice G
---
Nice Good
---
Very good
---
andymmoo good
---
answer Good
---
Good GOOD
---
好用
---
不二之选
---
Very good
---
还可以
---
like it
---
讚拉 很好用 實在讚
---
好用
---
棒 真的很不错哦！
---
不好用
---
越来越好
---
垃圾 無話可說
---
无法登陆
---
Good Good job
---
I can't update to the latest version
---
good good reader
---
好用，广告少点更好
---
Q.Q Um...... This apps is quite good .....
---
不錯 幾好用！
---
界面很简洁！
---
还是官方的最好用
---
Useful.
---
订购 能订购衣服、公主衣服之类的吗？
---
值得推薦 很棒的程式
---
It's as convenient as on a laptop except the screen is smaller.
---
不错 很好用 恩
---
Good .a
---
好 很好很强大
---
很好 挺好的PDF阅读
---
雄 讚很實用
---
Ghh Good...
---
很好的工具 嘿嘿，不错
---
很好用 优化得很好
---
简单好用
---
perfect app
---
good
---
Good
---
方便 看電子書超方便的。
---
相对PC端，小巧玲珑。手机必备。
---
非常好用，五星赞！
---
很好用！！！ 方便，調閱容易
---
:-) ......汪汪 恢復檔案.
---
Good ：）
---
很好，方便实用
---
y？ down吾到……
---
good 非常棒！
---
Ruc OK. La
---
Good
---
二
---
Good
---
Good
---
I love you 💕
---
Good Good
---
漂亮 很使用
---
dl ok la
---
Adobe 讚 棒
---
还可以 Ok
---
好用的pdf软件
---
好东西 很好
---
nice nice
---
Good 幾好
---
very good 很好
---
Berg good app
---
很棒 更新了更棒了
---
很好 很實用
---
可以全屏不错
---
不错 很好用
---
好 很方便
---
很实用 好用
---
好 很不错
---
讚 好用
---
flash ？ flash 还有意义吗？
---
我开心 我很开心
---
Good
---
good
---
Good
---
good
---
good
---
Good
---
Nice to use.
---
Nice
---
棒
---
Good
---
Good
---
Very good
---
good 👍🏻
---
Good
---
太好用了
---
Good
---
good
---
Good
---
good
---
Good
---
Good
---
很好用。
---
好用，推荐
---
不充钱根本没用
---
很好用
---
好软件
---
很好👍
---
好用。
---
简洁
---
好用
---
Great APP. I Love it!
---
very good pdf reader
---
good!good!
---
Good app
---
Very good
---
Good
---
Great
---
很好用👍
---
非常好用。
---
非常好
---
非常好
---
还行
---
好用
---
好用
---
喜欢
---
好的好的
---
Very good use
---
Very good
---
非常好用
---
Good
---
nice
---
阅读模式排版很怪
---
good
---
Good
---
很好用
---
好用吗
---
非常好用👍👍
---
很好
---
好用
---
好用的
---
we can 't sign in the app because we came from China?
---
Very good!
---
very good
---
Its useful
---
很好用
---
Good
---
Good
---
Good
---
print_out_pdf.pdf
---
非常好用
---
很好
---
I didnt use yet will refer it later
---
Adobe print and sign your owner.
---
very good
---
Good 👍
---
good
---
收费?
---
好用，简单
---
非常好
---
方便阅读
---
很好用
---
OK
---
Ok
---
好用
---
很好
---
Ok Hi hi👍👍👍👍👍👍👌👌👌👌 👌👌👍👍👍👍👍👋👍👍oku
---
Muy bien! Simple usa esta app.
---
goid app
---
So good
---
good
---
Good
---
可以
---
good
---
good
---
good
---
专业，好用。
---
方便快
---
很棒哦
---
Ok
---
好用
---
好用
---
好用
---
不错
---
好用
---
It is a good app
---
￼ ￼ GOOGLE BETAAL DIENSBEPALINGS VIR INWONERS VAN INDIË Laas opgedateer: 17 Desember 2019 1. Inleiding Toepaslike bepalings . Dankie dat u Google Pay gebruik. Vir die doeleindes van die Gekombineerde Google Pay-voorwaardes (hieronder omskryf)
---
需要用
---
good
---
good
---
好用快速
---
非常完美
---
还好。
---
必备
---
很好
---
Very convenient
---
很行!
---
➤▲ ➤▲ ➤打发时间去浏览器打开 【５６Ｒмв
---
不错，好用
---
挺好用
---
Best and strong privacy Browser.
---
nice software
---
very good!
---
Very nice a app
---
Good!
---
Nice app.
---
广告太多
---
还可以
---
great
---
good
---
好实用
---
好用
---
方便
---
完美
---
不错
---
方便
---
很好用的软件
---
good
---
很棒
---
很好，
---
很好
---
When reading a PDF document in reading mode
---
Very goof and easy fir using. Thank you.
---
mejor programa de pdf
---
还可以
---
好好用。。。
---
very good
---
不能登陆
---
无法登陆
---
Useful.
---
非常好用！
---
Good
---
Good
---
good
---
good
---
good
---
很好用
---
免费实用
---
好用
---
很棒👍
---
好用
---
好用的
---
好用
---
很好
---
Ok
---
很好
---
简单方便。
---
good!
---
第一选择
---
good
---
Good
---
Good
---
Good
---
非常好用
---
推荐使用
---
可以存储文件
---
不错
---
非常差
---
Good
---
good
---
非常好用
---
挺好
---
Ok
---
怎么需要钱
---
非常好！
---
Very good
---
Good
---
可以不错，
---
好用
---
还好
---
好用
---
好用
---
very good
---
很实用！
---
good
---
good
---
很好用。
---
Unable to login
---
Very good and convenient.
---
Very good.
---
100% GOOD
---
Very good
---
very good
---
方便好用。
---
good
---
很好用
---
Good
---
Good
---
Nice
---
good
---
非常好用
---
非常好用
---
很不错
---
好用免费
---
Ok
---
好用
---
不错哦
---
很好
---
All fine. But it seems that local documents searching is not as fast as some early version.
---
Note mark obscured text while watching on mobile phone！
---
very good
---
Good to use
---
原厂版本
---
垃圾软件
---
good
---
Good
---
Great
---
好用
---
ok
---
非常好，有同步记录功能。
---
great tool
---
its good!
---
pretty good
---
很好用
---
good
---
Good
---
好用
---
非常好用
---
很方便
---
很好用
---
很好用
---
一级棒
---
ok
---
好用
---
just say thank you .
---
Good n fast
---
necessary app
---
Very good
---
强制登录
---
Good APP
---
good
---
还不错
---
很棒
---
新版的打开大文件异常的卡，老版就没这问题
---
不错
---
my google account cant log in
---
I think it is good.
---
Good!
---
very good
---
好用，免费
---
很不错
---
good
---
好用
---
不错
---
好用
---
very good to use
---
好东西！
---
好用
---
It's the most powerful application for pdf reading
---
Absoulutely good
---
The best pdf reader ever !
---
Nice Very good
---
very good
---
good use
---
good app
---
good
---
good
---
good
---
good
---
good
---
good
---
不错
---
必备
---
ok
---
很好的
---
挺好的，好像没有搜索功能
---
very good
---
Nice
---
很好用
---
Good
---
相当不错
---
实用
---
不错！👍
---
非常好用
---
希望手机版本也支持onedrive
---
希望支持逻辑页码
---
不错，方便
---
Good
---
Good
---
good
---
good
---
很好。
---
实用
---
好用
---
good
---
好用
---
very design and it is free
---
It is quite nice .
---
无法使用
---
不错，支持
---
GOOD
---
好用
---
还不错！
---
很好用。
---
ok
---
Why I have to log in again every time when I open the app.
---
很好用
---
订阅价格太高，打扰了，告辞。 xodo挺好的。
---
安卓客户端左上角的菜单按钮布局位置不对
---
用了很久了，文件打开后会自动保存，很好
---
Why can't I stay signed in all the time?
---
轻击页面可隐藏工具栏
---
无法登录帐号。
---
还是这个用起来舒服
---
very good for pdf
---
very nice
---
很好用
---
Very good
---
very good
---
good
---
Good
---
good
---
速度快
---
很好用
---
非常好用
---
真的很不错😮
---
nice
---
Good
---
好用。
---
👍👍👍超实用
---
阅读方便。
---
挺好用
---
一般般
---
非常流畅
---
好用
---
好用
---
好用
---
很好的
---
很好
---
如果能用手写字更清晰点就更好了
---
Best office supply
---
It's good.
---
使用方便
---
很好。
---
pdf最好的查看和编辑软件，没有之一
---
最喜欢的PDF阅读器
---
这个应用是为别的应用提供购买入口的
---
So... slow on my phone
---
Good applications very handy
---
非常好用又简单
---
很好用！
---
好用！
---
Nice.
---
Good
---
界面很舒服
---
很好的一款软件
---
nice
---
good
---
无法按实际页码跳转
---
用于英语学习，和电脑上差不多
---
UI设计还可以
---
很好用
---
可以手绘
---
PDF神器
---
good one
---
很不错，谢谢。
---
Very nice
---
超棒的阅读工具!!
---
好用，流畅
---
好用 功能强大
---
不错的PDF
---
nice
---
good
---
Good
---
Good
---
好用，方便
---
很方便
---
非常满意
---
好用！！！！！！！！
---
好用
---
很好
---
方便
---
不错
---
最好用的PDF阅读软件！
---
性能秒杀一切同类软件
---
多平台协作非常有用
---
没有夜晚模式，瞎的刺眼，不能整理排序，
---
界面还行
---
方便，没有广告
---
great
---
Nice
---
good
---
不错，
---
还行
---
很好
---
超好用
---
好用
---
不错
---
：O 国家填中国就登录不上去了
---
每次收到打不开!!
---
非常捧的软件！！！
---
最好的PDF阅读器
---
非常实用！
---
Good
---
很简洁，PDF功能应有尽有。
---
非常好用
---
不错
---
好用
---
很棒
---
简单好用！
---
挺不错的！
---
好用
---
界面看上去很顺眼，清爽干净也没有烦人的广告，非常好！
---
很快很好不收费
---
好用!还保护隐私。
---
Good
---
Good
---
非常好用。
---
还行。
---
喜欢
---
不能适应手机
---
Good
---
很不错
---
为什么这次的更新的描述是斯洛伐克语？
---
还是这个好用！
---
简洁方便应用。
---
快速滑动会卡顿1秒钟！！！！！！
---
大家快来试试吧！
---
Very good
---
很不错的阅读器，老牌专业。
---
好用
---
好用
---
界面简洁好看，希望切换文档更便捷。
---
Helpful! Easy to use!
---
good useful and easy
---
非常的方便快捷
---
好用，如果再详细分类就更好了
---
为啥搜索没有全部列出了！！！！！！！！！！！
---
Good
---
好用
---
繁体字文件由于字体不全，无法显示
---
还可以吧
---
超好用 结合微软office，办公利器
---
Very good
---
简单方便，好用！
---
好用
---
简单好用！ 刚开始用，觉得不错！继续用…
---
User friendly with great features!
---
不能登录什么情况？
---
Good! Very good!
---
刚刚才用 不知好用没有
---
还可以
---
还是这个能用
---
不错 好用
---
好 好用
---
Better than before easy to use and convenient to take notes
---
Ok👍
---
老牌软件，好用！
---
good great software
---
good
---
Best statement readers
---
部分中文无法显示
---
很好用
---
很好很强大
---
很好用
---
这个如何运用？
---
Good
---
很好！
---
喜欢
---
很多PDF都不可以打开
---
good  thankyou Provide such a good product
---
还可以提高 扫描版的渲染太慢
---
为什么无法登陆了？ 为什么无法登陆了？？
---
白嫖了这么久总该给个五星吧
---
应用内购买什么？
---
垃圾要
---
pdf
---
速度很快
---
Icon Could you change the icon into material style? Or at least not the iOS style…
---
Could you change the launcher icon to MB style?
---
正在试用，看来不错。（先给不确定星）
---
赞 好
---
😠打开大文件会死机啊！ 才不过300MB的文件！
---
Very good
---
体积大，功能少。
---
最好的pdf阅读器
---
甚好！
---
不错不错~
---
好用
---
不能查看设备储存的东西
---
对于没有内嵌字体的PDF体验很糟糕 希望优化！
---
============
都5.1了居然还不支持沉浸模式 居然还不支持沉浸模式。
---
去掉标题栏 支持沉浸模式就好了。
---
============
很不錯 可以在上面註記pdf檔案。
---
很好用ㄛ 可以閱讀pdf檔  真不錯
---
============
刚登陆账号，访问就被拒绝。。。
---
登陆被拒，难受😖
---
拒绝访问
---
访问被拒绝
---
不能登录！ 提示访问被拒绝。
---
============
檔案打不開 帳單檔案一直無法下載閱讀
---
PDF 打不開 一直打不開 WWW 下載的PDF檔(銀行電子帳單)
---
為什麼我打不開~ mail的pdf檔…………tab7.7 如標題 ……已經將檔案下載，還是打不開  Tab 7.7
---
============
希望可以加入切邊和橫屏鎖定功能 希望可以加入切邊和橫屏鎖定功能
---
希望加入字典查词/翻译功能 例如：英文翻译为中文，英汉词典
---
============
读取很快，就是不能登录，其余的Adobe都可以登上去，搞得不能修改内容
---
其他都可以的 就是不让登录很烦(⊙o⊙)
---
还可以，就是文件太大了
---
============
无法打开文件
---
awful 总是崩溃，无法打开。
---
============
I like this~ 100分
---
I like this software
---
============
如果加入语音朗读就完美了！
---
advise. 如果hightling完啲句子有得save就好..
---
要是有书签就完美了
---
要是有书签就好了
---
如果有中文版的就更好了
---
要是中文的就更好了
---
要是加上书签，夜间模式就更好了。
---
翻頁很快 要是有頁面跳轉就好了
---
越来越优秀了 非常优秀的应用，如果也出个Acrobat 就更好了！
---
心愿 希望有小学的作业答案！中学和大学作业答案也要有!
---
============
無法開啟加密檔 我的版本是 4.4.2
---
無法讀取我的檔案                           明明是PDF檔
---
============
Great app Can be better.
---
awesome app. would be better should the interface become cooler
---
============
装装看嗯…
---
試試看。
---
============
很棒 快來下載
---
很棒 顶尖的软件。不过如果再不来点新意，就快sb了。
---
============
无法登录 错误码 6c71e837-ada7-48ac-9bde-60280c499f11 提示：访问被拒绝 您不再拥有此服务的访问权限
---
现在不登录无法进入，但是登录后提示"访问被拒绝 您不再拥有此服务的访问权限。"，依然无法使用。
---
访问被拒绝 您不再拥有此服务的访问权限。如果您认为有误，请联系 Adobe 客户支持。 请追踪此链接。 呸。
---
更新最新版本后，登录被拒绝，软件关闭。 访问被拒绝，您不再拥有此服务的访问权限
---
您不再拥有此服务的访问权限。如果您认为有误，请联系 Adobe 客户支持。
---
无法登陆： 不再拥有此服务的访问权限. 不知道怎么回事.
---
登录的时候一直提示"您不再拥有此服务的访问权限"
---
============
不能看影片 有沒用不能看呀！一直說要下載  有載也是無法看
---
不能用 要看影片一直要我下載
---
不能用！！！ 是HTC手機不能用嗎？完全不能看要此程式的相關影片
---
============
弹窗让登陆，每次都要手动关，很烦
---
每次登陆云都要重输密码
---
============
好野 正…！冇得頂!
---
好 用之必然
---
============
影片 好
---
影片啊！！：，。、； 急救呀！為何看不到N2  ，。、；
---
============
詞 已
---
本來已超過4M
---
============
開啟速度很慢 tf300t開啟速度還很慢，應該是程式的問題
---
手繪的部分還可以進步 可以增加橡皮擦，改筆的顏色，還有只有筆能繪圖手不能的選項。 讀取速度和雲端是優點 夜識模式很酷
---
大的文章打开都是空白
---
============
畫線無法還原 希望可以增加還原或回復的按鍵
---
放大比例設定 希望可以新增快點2下放大比例的設定
---
============
访问受限 都无法登陆 根本打不开
---
根本用不了，登陆还拒绝访问
---
============
？？ 强行关闭 怎么这样
---
祝早日倒闭
---
============
什麼時候出flash player呢？
---
什么时候会出更新版
---
什么时候出中文版.......
---
============
不错 就是大的文件就打不开了。
---
冇mt的機会好難用，文件不是很大就是很小
---
============
一个字…好
---
專立案 一個人習慣用法
---
============
一般 是很一般 呵呵
---
这破玩意耗电不是一般的大
---
一般 越来越大
---
============
為什麼香港版本會不是繁中版的? 為什麼不是中文版?
---
为什么新版本在滑动时会卡顿呢？
---
============
必备工具 常用工具。属于日常应用必备。
---
必备应用 足够好
---
============
给力！ 可以加各种批注，终于给力了！
---
終於支援密碼了
---
============
謝謝
---
3Q 謝謝！
---
好好 謝謝
---
謝謝
---
============
Useful but slow in speed
---
I registed an account but when I log in you tell me I don't have authority. Oh
---
============
总是崩溃＠huawei u8500，2.2
---
总是挂死
---
============
支援中文，快、靚、正
---
中文乱码 请尽快修复！
---
============
没有书签
---
沒跳頁和書籤！
---
============
下载很多次还是不能使用。一片空的，无法玩facebook 游戏。谁能教我，我要玩游戏。谢谢(^_^) 重复下载很多次还是空白的。怎么玩游戏！有谁能帮帮我o(╯□╰)o
---
幹幹幹 為什麼我下載完了還是不能玩fb的遊戲還跟我說要升級
---
还以為你能幫我 结果还是失望了 也許是我的问题吧 😂😂 唉。。。。。
---
============
恶心死了 为什么不能扫描出所有pdf文件
---
不能用？ 我为什么看不到任何pdf文档？明明装进去40+个pdf文件呢。。。
---
============
