No longer has pro wrestler finisher and signature move listings. Stupid to take that information away.
---
Keeps fake information on .
---
============ end of one review of WP
It has become adware, asking for donations and requiring app interaction, and disabling the native Android back buttons, which is in violation of the Google Android API.
---
Awkwardly implemented tabbed viewing and confusing back button usage. Badly designed app.
---
The update caused the app to be moved from the external SD storage to internal storage.
---
It's a good app but just the same as Google but with videos minus 2 stars😫👎
---
Very bad The results shown are wrost Search results doesn't appear. Don't install the app.
---
Very bad app. Do not have enough reason for support.
---
Garbage ass app drains all my battery
---
Nice app just you confirm the voice notifications.
---
The app is too slow in loading... Especially when searching for stuff
---
i want to highlight letter and sentences in wiki but app doesn't support.
---
Its really really good i like it if dont have this app you are not good enough to be independent person
---
Ur app doesn't allow US to update our profile photos for identification of our accounts to provide for authenticity. A big downgrade.
---
i can search in website while i cant use the app
---
Best app and s Art look like and servers I wish I you
---
very bad app full of viruses and not showing exact search
---
Very very usefull aplication.
---
Improvement needed sometimes app does not show results
---
very bad app. Always says errors.👿👿👿😓😦😦😦
---
Very boring app. Try to make it interesting.
---
The app doesn't work, I can't search things there. I don't know why
---
app is broken on android 11
---
Good app but still need to include the sorting functionality when it comes to tables of data. It needs to have the ability to sort by column just like the Wikipedia on desktop browsers. Also images aren't being displayed. It's just a grey box.
---
It's not good when you force notifications, and that notification takes you to an external website. Thanks for the response but I had just updated the app on my tablet before that happened.
---
The app doesn't allow me to save articles to read them offline. The articles simply don't show up after saving them. Galaxy s8
---
A dependable app. A trusted app for all purposes,it gives you answers of any topic that you may inquire. I recommend it to both academics,professionals,politicians,military and any field you may request.
---
Very very Bad app in the world
---
I use app with xoss g+. It is slow, usually It connects to device after 10 tries. and most important it does not sync with strava, but syncs with training peaks
---
The article organization and table of contents have been messed up by the most recent update.
---
============ end of one review of WP
Worked great up until a few days ago. Keeps telling me error occured. Uninstalled it...
---
An error occurred automatically and it closed showing that wikipedia has got an error
---
it keeps saying an error occurred
---
From few days it is writing an unknown error occurred ""
---
An error occurred (code 429) when open in any Chinese language.
---
============ end of one review of WP
when I was gonna sing in the CAPTCHA code didn't show well. every time I was face this problem...
---
Every time it automatically gets closed.
---
============ end of one review of WP
Cannot make an account because my IP is blocked and can't appeal it because I don't have an account... why is my IP blocked in the first place?
---
I can't create an account. It says my IP address is blocked.
---
============ end of one review of WP
the old version was much better. crashes and the tab navigation is horrible
---
unreadable! much Wiese than online version.
---
Honestly, it's much better in the browser. Uninstalled.
---
New navigation and UI are terrible. Old version was much better.
---
============ end of one review of WP
All of a sudden getting random code 403 errors after searching Please fix this!
---
Please fix. Can't view articles properly thanks.
---
============ end of one review of WP
This app is good but something I include that's a proper search technic. I think this app is lack on it.
---
This is really good app but I think google must be include Google translate tool in it to translate a particular sentence in a particular language to easy to read. I know you include translation tool in it but it translate entire text which is not necessary sometimes.
---
============ end of one review of WP
Error message No apps can perform this action""
---
Error message pops up, or too busy.
---
============ end of one review of WP
Pictures never seem to load if the app is opened from another app.
---
I can understand the necessity for usernames to be unique, but it makes absolutely no sense that they cannot be similar" to another - that is so stupid.  Your app rating just went from 5 to 1.  How ignorant."
---
============ end of one review of WP
It crashes after I updated. It says it was terminated.
---
I can't connect! It says I'm offline but I'm pretty sure I'm connected!!!
---
============ end of one review of WP
Idk why it's laggy when i opened multiple page, pretty sure it is very smooth on the ios version
---
there is no way to view a version of the page in a different language
---
============ end of one review of WP
This app is USELESS!
---
This app is very poor and the editors are biased to specific communities. They don't accept true edits which doesn't suit their narrative.
---
This app gives false images of INDIAN map i.e it's not showing the entire j & k
---
This app is not available in Hindi
---
============ end of one review of WP
Why it does not have dictionary for offline reading?
---
Why can't you give a option to disable hyperlinks. Blue links are distracting while reading.
---
============ end of one review of WP
Does not sync saved articles across devices.
---
I lost all my saved articles after I reinstalled it.
---
============ end of one review of WP
Unusable because search produces a 403 error.
---
Can't search. Just keeps telling me Search is busy, try again later or code: 403 an error has occured.
---
Suddenly there is always an error occured when I want to search in English.
---
============ end of one review of WP
charts overlapping with text -- unreadable
---
all ok except that if selected theme is dark, background becomes dark but also text keeps black, hence unreadable. android 6 meizu m5s
---
============ end of one review of WP
I never had a wikipedia account and when I created one it says that my ip address is blocked What does that mean ?
---
I never used the app or even created one on the site. I'd like to know why my ip address was blocked from creating an account.
---
============ end of one review of WP
There is no option for Hindi translation of some articles
---
There should be an adult filter option to block unsuitable subjects for kids
---
============ end of one review of WP
This app keeps getting worse and worse. Today, without updating the app, I can no longer search Wikipedia for an article! It reports An error occurred" as soon as I enter a letter in the search field. I stopped the app
---
All of a sudden i literally cant search for anything. It was telling me that the search engine is busy. And now if i simply type a single letter into the search bar, even without pressing search, it gives me an error code.
---
I don't know whether it has to do with the new year or not, but I am unable to search on the app. It just keeps giving me an error 403 without even explaining it!
---
============ end of one review of WP
Articles are frequently unreadable, due to the About this article" and "read more" sections overlapping and cutting off the bottom of the page."
---
Some article cannot translate to chinese language,i hope programmer can let all articles translate to chinese language
---
============ end of one review of WP
when i try to create an account, it always says the username is unavailable, no matter what i type, making me unable to create an account. other than that, the app works fine.
---
The app stinks. I create an account and it says it is either non-existant or my username and password are incorrect. Fix the bugs before releasing the damn things
---
============ end of one review of WP
What happened to this app? Now the search engine is always busy or something. Uninstalling till the developers get their act together.
---
What is up with Wikipedia's app?? All i get is 'error' messages when I try to search something!! Get your garbage together. My goodness!
---
============ end of one review of WP
A wonderful app, that I have enjoyed using immensely, but, after last update, started giving me push notifications in Russian, without any prompt or say on my side.
---
I need to choose russian language for the app and maps. But the app uses device's settings only.
---
Great app. But no traffic updates in india. How do you show indian territory as part of china & pakistan?
---
Same app as waypoint, cannot plan trip with more than on stop.
---
Postal code cannot detect. Difficult app for navigation.very low mark. Definitely don't use it
---
I love this app but recently it is not straight and the navigation vehicle goes backwards. Can the app owners fix this?
---
Huawei Tablet M5 Lite last update the pointer is shaking and is not stable.
---
Really useful app. Latest update has changed the text style of hiking trail names, meaning they are now illegible which is incredibly frustrating.
---
With each update, this app becomes more cluttered. I wish i had not updated it after you bought this app.
---
============ end of one review of MWM
It's good app , my problem that I lost all my book marks after reset my mobile and when reinstall the app I lost the old book marks !
---
Very quiet sound and does not muffle music. It is often difficult to hear voice prompts
---
Good but don't understand why the app is showing red notificatons so often. It is a mystery how to respond.
---
============ end of one review of MWM
why do you not have an updated map always 2016 or 2000 i guess, we have been in our house for 5 years still not on the map
---
completely usless, does not allow the user to set routs on an existing map. it was mearly usable few years ago but deteriorated completley. a huge dissappointment.
---
============ end of one review of MWM
It will better if it includes editing option
---
It wasn't suitable for me yet I keep being asked to install it. BACK OFF! Also there is no option to rate 0 Stars! (Poor programming and poor systems analysis/testing.
---
============ end of one review of MWM
Used to work well on iphone but on android nope
---
The app used to work well but from one day to the other I cannot open it anymore. Restart and reinstallation didn't help.
---
============ end of one review of MWM
Horrible app! The privacy violation and data collection that they do to you is horrendous!
---
The app leaks personally identifiable data to Facebook, without permission or knowlegde from the user and without any Facebook login. The developer claims that they have to use the Facebook SDK therefore they have no choice over leaking the data.
---
============ end of one review of MWM
Pure junk. Determine a route of travel? Nope. Measure distance between two points? Uh nuh. Use for any kind of navigation? Negatory! Delete and advise potential users about this waste of time? Absolutely!
---
Suggestions: 1. Add home screen shortcut of navigation destination 2. Route overview / navigation view switch. Basically a min/max zoom switch with proper orientation 3. Provide alternative route with time/distance difference information in overview mode.
---
============ end of one review of MWM
When. ! Open app,!ts auto close whyyyyy
---
the app worked well at the beginning, but now it just keep crushing when i open it. it can no longer use. very disappointed
---
============ end of one review of MWM
Can't find START nor DIRECTIONS and no VOICE for navigation
---
Did not work. coukd not find any address except generic items int the categories. Therefore coukd not use it as a navigation system. Shame as it appears to work for others.
---
============ end of one review of MWM
Keep crash while connected to my wifi pls. Help
---
Stack while Settings page opening. Reinstall didn't help. Android 10
---
============ end of one review of MWM
This app is cool and all and gets the job done. But (and it's a big but) you really really need to make sure mobile data doesn't get wasted updating maps. I guess an auto download started over Wi-Fi but of course didn't finish when I closed the app. I discovered that the app kept trying to resume updating my maps upon each opening - when I was on mobile data and not Wi-Fi. As a result I have turned off automatic map updating. There should be an option to auto update over Wi-Fi only!
---
This used to be my absolute favorite app! Used it daily. I have over 100 pins and don't want to loose them. But ever since update came out about a year ago, I can no longer get in. Any map I use wants to first download an update but it will not download. Just spins and spins. Help! I really miss maps w me!!😎
---
============ end of one review of MWM
Why is the app required to be open when downloading/updating maps?? use an android service to do it in the background! so it continues to download/update even when the app is closed. / Annoyed that this hasn't been fixed yet, uninstalling, will start using Google Maps again which DOES have this feature for its offline maps.
---
Excruciatingly annoying Impossible to search without app insisting on downloading more maps. Deleting. Even after downloading a bunch of maps the app doesn't allow route planning. Just the boring freeways. Might as well use Waze or Google Maps. The search goes on.
---
============ end of one review of MWM
I would rate one star but that's not an option. I was staying in Athens a few nights and when I searched for Acropolis (literally the largest and most major attraction) nothing showed up. The map is there but everything else is lacking
---
Map shown on the program does not comply with the real map. The map of Azerbaijan shown here does not correspond with the valid one. Moreover, there is fictioned, not existing nagorno-karabakh republic.
---
============ end of one review of MWM
I could put up with all the previous map and direction errors, BUT after the last update it won't even start up! This app now officially sucks and I have no choice but to uninstall it.
---
Hi, the app maps me doesn't show me the clear map, it doesn't show me the oceans, the continents. This all happened after the last update
---
============ end of one review of MWM
