拒绝_v 追踪_v 保护_v 隐私_n
---
隐私_n 保护_v 做_v 的_u 很_d 好_a ，_wp 很_d 喜欢_v 用_v
---
隐私_n 保护_v 好_a
---
============
注重_v 隐私_n 的_u Browser_ws
---
注重_v 隐私_n ，_wp 挺_d 好_a 的_u
---
============
不_d 支持_v 中文_nz
---
能_v 不_d 能_v 支持_v 一下_m 中文_nz 啊_u ！_wp
！_wp
！_wp
！_wp
---
不_d 支持_v 中文_nz ？_wp
难以_d 理解_v 。_wp
---
============
请_v 添加_v 中文_nz
---
好_a 用_v 请_v 开发者_n 添加_v 中文_nz
---
============
very_ws good_ws ！_wp
---
very_ws good_ws app_ws
---
Very_ws good_ws
---
Very_ws good_ws ._wp Would_ws recommend_ws 100%_m
---
good_ws app_ws
---
Very_ws good_ws
---
Very_ws good_ws ._wp
---
A_ws very_ws good_ws app_ws
---
Very_ws good_ws
---
============
nice_nh
---
nice_nh
---
nice_ws ！_wp
---
============
Good_ws
---
Pretty_ws good_ws
---
good_ws
---
good_ws
---
good_ws experience_ws
---
Good_ws
---
good_ws
---
good_ws
---
good_ws
---
good_ws
---
good_ws
---
============
great_ws
---
great_ws ！_wp
---
great_ws
---
Great_ws
---
============
非常_d 棒_a
---
非常_d 感謝_a ，_wp 很_d 好_a 用_v 。_wp
好極_v 了_u ！_wp
---
非常_d 好_a
---
非常_d 好_a
---
非常_d 好_a
---
fm_nz 非常_d 好_a ，_wp 用_v 起来_v 很_d 安心_a
---
============
THE_ws BEST_ws
---
One_ws of_ws the_ws best_ws
---
Recent_ws update_ws has_ws made_ws home_ws shortcut_ws icons_ws of_ws webpages_ws less_ws discernible_ws ._wp The_ws icons_ws are_ws now_ws picked_ws from_ws websites_ws instead_ws of_ws duckduckgo's_ws own_ws icon_ws
---
============
很_d 好_a 用_v ，_wp 希望_v 后面_nd 能_v 加上_v 中文_nz 界面_n
---
希望_v 可以_v 有_v 中文_nz 界面_n ，_wp 谢谢_v 。_wp
---
希望_v 作者_n 能_v 适配_v 中文_nz ，_wp 机翻_n 的_u 都行_n
---
============
不错_a 😊_n
---
不错_a
---
很_d 不错_a ，_wp 谨慎_a 有_v 度_n 。_wp
---
做_v 的_u 很_d 不错_a (_wp *_wp ๓´╰╯`๓_nh )_wp ♡_nh
---
============
搜索栏_n 搜索_v 没_v 结果_n
---
搜索_v 结果_n 很_d 和谐_a ，_wp 很_d 美好_a ！_wp
！_wp
！_wp
---
============
简介_n ，_wp 安全_a 。_wp
要是_c 有_v 中文版_n 就_d 好_a 了_u 。_wp
---
简单_a 明了_v ，_wp 安全_a ，_wp 顶_n
---
很_d 好_a 用_v ，_wp 安全_a
---
============
用_v 不_d 了_v ，_wp 加载_v 到_v 一半_m 就_d 没_v 了_u ，_wp 怎么_r 说_v 网站_n 是_v 好_a 的_u ，_wp 3_m 星_n 吧_u
---
垃圾_n ，_wp 不_d 知道_v 是_v 限速_v 怎么_r 的_u ，_wp 打开_v 个_q 网站_n 要_v 半天_m
---
============
可以_v ，_wp 低星_n 保命_v
---
还_d 可以_v 吧_u
---
============
